[    0.000000] Initializing cgroup subsys cpuset
[    0.000000] Initializing cgroup subsys cpu
[    0.000000] Initializing cgroup subsys cpuacct
[    0.000000] Linux version 4.4.0-169-generic (buildd@lgw01-amd64-038) (gcc version 5.4.0 20160609 (Ubuntu 5.4.0-6ubuntu1~16.04.12) ) #198-Ubuntu SMP Tue Nov 12 10:38:00 UTC 2019 (Ubuntu 4.4.0-169.198-generic 4.4.197)
[    0.000000] Command line: BOOT_IMAGE=/boot/vmlinuz-4.4.0-169-generic root=LABEL=cloudimg-rootfs ro console=tty1 console=ttyS0
[    0.000000] KERNEL supported cpus:
[    0.000000]   Intel GenuineIntel
[    0.000000]   AMD AuthenticAMD
[    0.000000]   Centaur CentaurHauls
[    0.000000] x86/fpu: xstate_offset[2]:  576, xstate_sizes[2]:  256
[    0.000000] x86/fpu: Supporting XSAVE feature 0x01: 'x87 floating point registers'
[    0.000000] x86/fpu: Supporting XSAVE feature 0x02: 'SSE registers'
[    0.000000] x86/fpu: Supporting XSAVE feature 0x04: 'AVX registers'
[    0.000000] x86/fpu: Enabled xstate features 0x7, context size is 832 bytes, using 'standard' format.
[    0.000000] e820: BIOS-provided physical RAM map:
[    0.000000] BIOS-e820: [mem 0x0000000000000000-0x000000000009fbff] usable
[    0.000000] BIOS-e820: [mem 0x000000000009fc00-0x000000000009ffff] reserved
[    0.000000] BIOS-e820: [mem 0x00000000000f0000-0x00000000000fffff] reserved
[    0.000000] BIOS-e820: [mem 0x0000000000100000-0x00000000dffeffff] usable
[    0.000000] BIOS-e820: [mem 0x00000000dfff0000-0x00000000dfffffff] ACPI data
[    0.000000] BIOS-e820: [mem 0x00000000fec00000-0x00000000fec00fff] reserved
[    0.000000] BIOS-e820: [mem 0x00000000fee00000-0x00000000fee00fff] reserved
[    0.000000] BIOS-e820: [mem 0x00000000fffc0000-0x00000000ffffffff] reserved
[    0.000000] BIOS-e820: [mem 0x0000000100000000-0x000000011fffffff] usable
[    0.000000] NX (Execute Disable) protection: active
[    0.000000] SMBIOS 2.5 present.
[    0.000000] Hypervisor detected: KVM
[    0.000000] e820: last_pfn = 0x120000 max_arch_pfn = 0x400000000
[    0.000000] MTRR: Disabled
[    0.000000] x86/PAT: MTRRs disabled, skipping PAT initialization too.
[    0.000000] CPU MTRRs all blank - virtualized system.
[    0.000000] x86/PAT: Configuration [0-7]: WB  WT  UC- UC  WB  WT  UC- UC  
[    0.000000] e820: last_pfn = 0xdfff0 max_arch_pfn = 0x400000000
[    0.000000] found SMP MP-table at [mem 0x0009fff0-0x0009ffff] mapped at [ffff88000009fff0]
[    0.000000] Scanning 1 areas for low memory corruption
[    0.000000] RAMDISK: [mem 0x362f2000-0x37170fff]
[    0.000000] ACPI: Early table checksum verification disabled
[    0.000000] ACPI: RSDP 0x00000000000E0000 000024 (v02 VBOX  )
[    0.000000] ACPI: XSDT 0x00000000DFFF0030 00003C (v01 VBOX   VBOXXSDT 00000001 ASL  00000061)
[    0.000000] ACPI: FACP 0x00000000DFFF00F0 0000F4 (v04 VBOX   VBOXFACP 00000001 ASL  00000061)
[    0.000000] ACPI: DSDT 0x00000000DFFF0470 0022EA (v02 VBOX   VBOXBIOS 00000002 INTL 20100528)
[    0.000000] ACPI: FACS 0x00000000DFFF0200 000040
[    0.000000] ACPI: FACS 0x00000000DFFF0200 000040
[    0.000000] ACPI: APIC 0x00000000DFFF0240 00005C (v02 VBOX   VBOXAPIC 00000001 ASL  00000061)
[    0.000000] ACPI: SSDT 0x00000000DFFF02A0 0001CC (v01 VBOX   VBOXCPUT 00000002 INTL 20100528)
[    0.000000] No NUMA configuration found
[    0.000000] Faking a node at [mem 0x0000000000000000-0x000000011fffffff]
[    0.000000] NODE_DATA(0) allocated [mem 0x11fff7000-0x11fffbfff]
[    0.000000] kvm-clock: Using msrs 4b564d01 and 4b564d00
[    0.000000] kvm-clock: cpu 0, msr 1:1ffef001, primary cpu clock
[    0.000000] kvm-clock: using sched offset of 3710971760 cycles
[    0.000000] clocksource: kvm-clock: mask: 0xffffffffffffffff max_cycles: 0x1cd42e4dffb, max_idle_ns: 881590591483 ns
[    0.000000] Zone ranges:
[    0.000000]   DMA      [mem 0x0000000000001000-0x0000000000ffffff]
[    0.000000]   DMA32    [mem 0x0000000001000000-0x00000000ffffffff]
[    0.000000]   Normal   [mem 0x0000000100000000-0x000000011fffffff]
[    0.000000]   Device   empty
[    0.000000] Movable zone start for each node
[    0.000000] Early memory node ranges
[    0.000000]   node   0: [mem 0x0000000000001000-0x000000000009efff]
[    0.000000]   node   0: [mem 0x0000000000100000-0x00000000dffeffff]
[    0.000000]   node   0: [mem 0x0000000100000000-0x000000011fffffff]
[    0.000000] Initmem setup node 0 [mem 0x0000000000001000-0x000000011fffffff]
[    0.000000] ACPI: PM-Timer IO Port: 0x4008
[    0.000000] IOAPIC[0]: apic_id 2, version 32, address 0xfec00000, GSI 0-23
[    0.000000] ACPI: INT_SRC_OVR (bus 0 bus_irq 0 global_irq 2 dfl dfl)
[    0.000000] ACPI: INT_SRC_OVR (bus 0 bus_irq 9 global_irq 9 low level)
[    0.000000] Using ACPI (MADT) for SMP configuration information
[    0.000000] smpboot: Allowing 2 CPUs, 0 hotplug CPUs
[    0.000000] PM: Registered nosave memory: [mem 0x00000000-0x00000fff]
[    0.000000] PM: Registered nosave memory: [mem 0x0009f000-0x0009ffff]
[    0.000000] PM: Registered nosave memory: [mem 0x000a0000-0x000effff]
[    0.000000] PM: Registered nosave memory: [mem 0x000f0000-0x000fffff]
[    0.000000] PM: Registered nosave memory: [mem 0xdfff0000-0xdfffffff]
[    0.000000] PM: Registered nosave memory: [mem 0xe0000000-0xfebfffff]
[    0.000000] PM: Registered nosave memory: [mem 0xfec00000-0xfec00fff]
[    0.000000] PM: Registered nosave memory: [mem 0xfec01000-0xfedfffff]
[    0.000000] PM: Registered nosave memory: [mem 0xfee00000-0xfee00fff]
[    0.000000] PM: Registered nosave memory: [mem 0xfee01000-0xfffbffff]
[    0.000000] PM: Registered nosave memory: [mem 0xfffc0000-0xffffffff]
[    0.000000] e820: [mem 0xe0000000-0xfebfffff] available for PCI devices
[    0.000000] Booting paravirtualized kernel on KVM
[    0.000000] clocksource: refined-jiffies: mask: 0xffffffff max_cycles: 0xffffffff, max_idle_ns: 7645519600211568 ns
[    0.000000] setup_percpu: NR_CPUS:512 nr_cpumask_bits:512 nr_cpu_ids:2 nr_node_ids:1
[    0.000000] PERCPU: Embedded 33 pages/cpu @ffff88011fc00000 s95448 r8192 d31528 u1048576
[    0.000000] Built 1 zonelists in Node order, mobility grouping on.  Total pages: 1032056
[    0.000000] Policy zone: Normal
[    0.000000] Kernel command line: BOOT_IMAGE=/boot/vmlinuz-4.4.0-169-generic root=LABEL=cloudimg-rootfs ro console=tty1 console=ttyS0
[    0.000000] PID hash table entries: 4096 (order: 3, 32768 bytes)
[    0.000000] Memory: 4028224K/4193848K available (8623K kernel code, 1336K rwdata, 4036K rodata, 1488K init, 1288K bss, 165624K reserved, 0K cma-reserved)
[    0.000000] SLUB: HWalign=64, Order=0-3, MinObjects=0, CPUs=2, Nodes=1
[    0.000000] Kernel/User page tables isolation: enabled
[    0.000000] Hierarchical RCU implementation.
[    0.000000] 	Build-time adjustment of leaf fanout to 64.
[    0.000000] 	RCU restricting CPUs from NR_CPUS=512 to nr_cpu_ids=2.
[    0.000000] RCU: Adjusting geometry for rcu_fanout_leaf=64, nr_cpu_ids=2
[    0.000000] NR_IRQS:33024 nr_irqs:440 16
[    0.000000] Console: colour VGA+ 80x25
[    0.000000] console [tty1] enabled
[    0.000000] console [ttyS0] enabled
[    0.000000] tsc: Detected 3503.998 MHz processor
[    0.281269] Calibrating delay loop (skipped) preset value.. 7007.99 BogoMIPS (lpj=14015992)
[    0.283580] pid_max: default: 32768 minimum: 301
[    0.285030] ACPI: Core revision 20150930
[    0.286639] ACPI: 2 ACPI AML tables successfully acquired and loaded
[    0.288173] Security Framework initialized
[    0.289203] Yama: becoming mindful.
[    0.290123] AppArmor: AppArmor initialized
[    0.292998] Dentry cache hash table entries: 524288 (order: 10, 4194304 bytes)
[    0.298310] Inode-cache hash table entries: 262144 (order: 9, 2097152 bytes)
[    0.300405] Mount-cache hash table entries: 8192 (order: 4, 65536 bytes)
[    0.302033] Mountpoint-cache hash table entries: 8192 (order: 4, 65536 bytes)
[    0.305438] Initializing cgroup subsys io
[    0.306501] Initializing cgroup subsys memory
[    0.307636] Initializing cgroup subsys devices
[    0.308796] Initializing cgroup subsys freezer
[    0.309941] Initializing cgroup subsys net_cls
[    0.311037] Initializing cgroup subsys perf_event
[    0.312147] Initializing cgroup subsys net_prio
[    0.313285] Initializing cgroup subsys hugetlb
[    0.314342] Initializing cgroup subsys pids
[    0.316860] mce: CPU supports 0 MCE banks
[    0.317857] Last level iTLB entries: 4KB 64, 2MB 8, 4MB 8
[    0.319106] Last level dTLB entries: 4KB 64, 2MB 0, 4MB 0, 1GB 4
[    0.320512] Spectre V1 : Mitigation: usercopy/swapgs barriers and __user pointer sanitization
[    0.322558] Spectre V2 : Mitigation: Full generic retpoline
[    0.323946] Spectre V2 : Spectre v2 / SpectreRSB mitigation: Filling RSB on context switch
[    0.326562] Speculative Store Bypass: Vulnerable
[    0.327744] MDS: Vulnerable: Clear CPU buffers attempted, no microcode
[    0.331694] Freeing SMP alternatives memory: 36K
[    0.338316] ftrace: allocating 32301 entries in 127 pages
[    0.387958] smpboot: APIC(0) Converting physical 0 to logical package 0
[    0.390136] smpboot: Max logical packages: 1
[    0.391777] x2apic enabled
[    0.393604] Switched APIC routing to physical x2apic.
[    0.396061] ..TIMER: vector=0x30 apic1=0 pin1=2 apic2=-1 pin2=-1
[    0.505907] smpboot: CPU0: Intel(R) Core(TM) i7-7567U CPU @ 3.50GHz (family: 0x6, model: 0x8e, stepping: 0x9)
[    0.509028] Performance Events: unsupported p6 CPU model 142 no PMU driver, software events only.
[    0.520092] KVM setup paravirtual spinlock
[    0.522188] x86: Booting SMP configuration:
[    0.523593] .... node  #0, CPUs:      #1
[    0.525023] kvm-clock: cpu 1, msr 1:1ffef041, secondary cpu clock
[    0.527545] mce: CPU supports 0 MCE banks
[    0.530597] x86: Booted up 1 node, 2 CPUs
[    0.532299] smpboot: Total of 2 processors activated (14015.99 BogoMIPS)
[    0.534658] devtmpfs: initialized
[    0.537184] evm: security.selinux
[    0.538136] evm: security.SMACK64
[    0.539043] evm: security.SMACK64EXEC
[    0.539945] evm: security.SMACK64TRANSMUTE
[    0.540944] evm: security.SMACK64MMAP
[    0.541883] evm: security.ima
[    0.542667] evm: security.capability
[    0.543714] clocksource: jiffies: mask: 0xffffffff max_cycles: 0xffffffff, max_idle_ns: 7645041785100000 ns
[    0.545992] futex hash table entries: 512 (order: 3, 32768 bytes)
[    0.547538] pinctrl core: initialized pinctrl subsystem
[    0.549042] RTC time: 22:43:02, date: 11/25/19
[    0.550350] NET: Registered protocol family 16
[    0.561169] cpuidle: using governor ladder
[    0.574233] cpuidle: using governor menu
[    0.576282] PCCT header not found.
[    0.577631] ACPI: bus type PCI registered
[    0.578930] acpiphp: ACPI Hot Plug PCI Controller Driver version: 0.5
[    0.580647] PCI: Using configuration type 1 for base access
[    0.594565] ACPI: Added _OSI(Module Device)
[    0.596033] ACPI: Added _OSI(Processor Device)
[    0.597488] ACPI: Added _OSI(3.0 _SCP Extensions)
[    0.599001] ACPI: Added _OSI(Processor Aggregator Device)
[    0.601278] ACPI: Executed 1 blocks of module-level executable AML code
[    0.604627] ACPI: Interpreter enabled
[    0.605569] ACPI: (supports S0 S5)
[    0.606454] ACPI: Using IOAPIC for interrupt routing
[    0.607730] PCI: Using host bridge windows from ACPI; if necessary, use "pci=nocrs" and report a bug
[    0.614100] ACPI: PCI Root Bridge [PCI0] (domain 0000 [bus 00-ff])
[    0.615980] acpi PNP0A03:00: _OSC: OS supports [ASPM ClockPM Segments MSI]
[    0.618119] acpi PNP0A03:00: _OSC: not requesting OS control; OS requires [ExtendedConfig ASPM ClockPM MSI]
[    0.620395] acpi PNP0A03:00: fail to add MMCONFIG information, can't access extended PCI configuration space under this bridge.
[    0.623504] PCI host bridge to bus 0000:00
[    0.632544] pci_bus 0000:00: root bus resource [io  0x0000-0x0cf7 window]
[    0.634788] pci_bus 0000:00: root bus resource [io  0x0d00-0xffff window]
[    0.636310] pci_bus 0000:00: root bus resource [mem 0x000a0000-0x000bffff window]
[    0.638161] pci_bus 0000:00: root bus resource [mem 0xe0000000-0xfdffffff window]
[    0.639993] pci_bus 0000:00: root bus resource [bus 00-ff]
[    0.644196] pci 0000:00:01.1: legacy IDE quirk: reg 0x10: [io  0x01f0-0x01f7]
[    0.645954] pci 0000:00:01.1: legacy IDE quirk: reg 0x14: [io  0x03f6]
[    0.647434] pci 0000:00:01.1: legacy IDE quirk: reg 0x18: [io  0x0170-0x0177]
[    0.649102] pci 0000:00:01.1: legacy IDE quirk: reg 0x1c: [io  0x0376]
[    0.688214] pci 0000:00:07.0: quirk: [io  0x4000-0x403f] claimed by PIIX4 ACPI
[    0.690562] pci 0000:00:07.0: quirk: [io  0x4100-0x410f] claimed by PIIX4 SMB
[    0.706000] ACPI: PCI Interrupt Link [LNKA] (IRQs 5 9 10 *11)
[    0.708215] ACPI: PCI Interrupt Link [LNKB] (IRQs 5 9 *10 11)
[    0.709952] ACPI: PCI Interrupt Link [LNKC] (IRQs 5 *9 10 11)
[    0.711640] ACPI: PCI Interrupt Link [LNKD] (IRQs 5 9 10 *11)
[    0.713987] ACPI: Enabled 2 GPEs in block 00 to 07
[    0.715687] vgaarb: setting as boot device: PCI:0000:00:02.0
[    0.717352] vgaarb: device added: PCI:0000:00:02.0,decodes=io+mem,owns=io+mem,locks=none
[    0.719340] vgaarb: loaded
[    0.720134] vgaarb: bridge control possible 0000:00:02.0
[    0.722022] SCSI subsystem initialized
[    0.723088] ACPI: bus type USB registered
[    0.724426] usbcore: registered new interface driver usbfs
[    0.726352] usbcore: registered new interface driver hub
[    0.727976] usbcore: registered new device driver usb
[    0.729523] PCI: Using ACPI for IRQ routing
[    0.730912] NetLabel: Initializing
[    0.731852] NetLabel:  domain hash size = 128
[    0.733001] NetLabel:  protocols = UNLABELED CIPSOv4
[    0.734175] NetLabel:  unlabeled traffic allowed by default
[    0.735584] amd_nb: Cannot enumerate AMD northbridges
[    0.738723] clocksource: Switched to clocksource kvm-clock
[    0.747174] AppArmor: AppArmor Filesystem Enabled
[    0.748772] pnp: PnP ACPI init
[    0.750636] pnp: PnP ACPI: found 3 devices
[    0.760941] clocksource: acpi_pm: mask: 0xffffff max_cycles: 0xffffff, max_idle_ns: 2085701024 ns
[    0.763612] NET: Registered protocol family 2
[    0.765203] TCP established hash table entries: 32768 (order: 6, 262144 bytes)
[    0.767019] TCP bind hash table entries: 32768 (order: 7, 524288 bytes)
[    0.770064] TCP: Hash tables configured (established 32768 bind 32768)
[    0.771606] UDP hash table entries: 2048 (order: 4, 65536 bytes)
[    0.772994] UDP-Lite hash table entries: 2048 (order: 4, 65536 bytes)
[    0.774929] NET: Registered protocol family 1
[    0.776191] pci 0000:00:00.0: Limiting direct PCI/PCI transfers
[    0.777573] pci 0000:00:01.0: Activating ISA DMA hang workarounds
[    0.779363] Unpacking initramfs...
[    0.992688] Freeing initrd memory: 14844K
[    0.994188] PCI-DMA: Using software bounce buffering for IO (SWIOTLB)
[    0.996241] software IO TLB: mapped [mem 0xdbff0000-0xdfff0000] (64MB)
[    0.997969] clocksource: tsc: mask: 0xffffffffffffffff max_cycles: 0x328211acd6a, max_idle_ns: 440795259903 ns
[    1.000469] platform rtc_cmos: registered platform RTC device (no PNP device found)
[    1.003296] Scanning for low memory corruption every 60 seconds
[    1.005305] audit: initializing netlink subsys (disabled)
[    1.006575] audit: type=2000 audit(1574721788.124:1): initialized
[    1.008204] Initialise system trusted keyring
[    1.009430] HugeTLB registered 2 MB page size, pre-allocated 0 pages
[    1.012265] zbud: loaded
[    1.013365] VFS: Disk quotas dquot_6.6.0
[    1.014354] VFS: Dquot-cache hash table entries: 512 (order 0, 4096 bytes)
[    1.016528] squashfs: version 4.0 (2009/01/31) Phillip Lougher
[    1.018109] fuse init (API version 7.23)
[    1.019226] Key type big_key registered
[    1.020199] Allocating IMA MOK and blacklist keyrings.
[    1.022841] Key type asymmetric registered
[    1.023858] Asymmetric key parser 'x509' registered
[    1.025046] Block layer SCSI generic (bsg) driver version 0.4 loaded (major 249)
[    1.028801] io scheduler noop registered
[    1.029785] io scheduler deadline registered (default)
[    1.031211] io scheduler cfq registered
[    1.032280] pci_hotplug: PCI Hot Plug PCI Core version: 0.5
[    1.034033] pciehp: PCI Express Hot Plug Controller Driver version: 0.4
[    1.035978] ACPI: AC Adapter [AC] (off-line)
[    1.037061] input: Power Button as /devices/LNXSYSTM:00/LNXPWRBN:00/input/input0
[    1.038858] ACPI: Power Button [PWRF]
[    1.039888] input: Sleep Button as /devices/LNXSYSTM:00/LNXSLPBN:00/input/input1
[    1.041755] ACPI: Sleep Button [SLPF]
[    1.042879] GHES: HEST is not enabled!
[    1.043918] ACPI: Battery Slot [BAT0] (battery present)
[    1.045626] Serial: 8250/16550 driver, 32 ports, IRQ sharing enabled
[    1.067931] 00:02: ttyS0 at I/O 0x3f8 (irq = 4, base_baud = 115200) is a 16550A
[    1.072383] Linux agpgart interface v0.103
[    1.075982] loop: module loaded
[    1.077294] scsi host0: ata_piix
[    1.078368] scsi host1: ata_piix
[    1.079246] ata1: PATA max UDMA/33 cmd 0x1f0 ctl 0x3f6 bmdma 0xd000 irq 14
[    1.080787] ata2: PATA max UDMA/33 cmd 0x170 ctl 0x376 bmdma 0xd008 irq 15
[    1.082854] libphy: Fixed MDIO Bus: probed
[    1.084369] tun: Universal TUN/TAP device driver, 1.6
[    1.085704] tun: (C) 1999-2004 Max Krasnyansky <maxk@qualcomm.com>
[    1.087387] PPP generic driver version 2.4.2
[    1.088994] ehci_hcd: USB 2.0 'Enhanced' Host Controller (EHCI) Driver
[    1.090470] ehci-pci: EHCI PCI platform driver
[    1.091578] ehci-platform: EHCI generic platform driver
[    1.092858] ohci_hcd: USB 1.1 'Open' Host Controller (OHCI) Driver
[    1.094712] ohci-pci: OHCI PCI platform driver
[    1.096496] ohci-platform: OHCI generic platform driver
[    1.097936] uhci_hcd: USB Universal Host Controller Interface driver
[    1.099470] i8042: PNP: PS/2 Controller [PNP0303:PS2K,PNP0f03:PS2M] at 0x60,0x64 irq 1,12
[    1.101817] serio: i8042 KBD port at 0x60,0x64 irq 1
[    1.103254] serio: i8042 AUX port at 0x60,0x64 irq 12
[    1.104899] mousedev: PS/2 mouse device common for all mice
[    1.106680] input: AT Translated Set 2 keyboard as /devices/platform/i8042/serio0/input/input2
[    1.109191] rtc_cmos rtc_cmos: rtc core: registered rtc_cmos as rtc0
[    1.110672] rtc_cmos rtc_cmos: alarms up to one day, 114 bytes nvram
[    1.112305] i2c /dev entries driver
[    1.113295] device-mapper: uevent: version 1.0.3
[    1.114560] device-mapper: ioctl: 4.34.0-ioctl (2015-10-28) initialised: dm-devel@redhat.com
[    1.116944] ledtrig-cpu: registered to indicate activity on CPUs
[    1.118659] NET: Registered protocol family 10
[    1.119925] NET: Registered protocol family 17
[    1.120999] Key type dns_resolver registered
[    1.122389] registered taskstats version 1
[    1.123417] Loading compiled-in X.509 certificates
[    1.124968] Loaded X.509 cert 'Build time autogenerated kernel key: ef3203c14e3994470d47ef6a7e15c1ade40f8e1e'
[    1.127403] zswap: loaded using pool lzo/zbud
[    1.131281] Key type trusted registered
[    1.135740] Key type encrypted registered
[    1.136909] AppArmor: AppArmor sha1 policy hashing enabled
[    1.138183] ima: No TPM chip found, activating TPM-bypass!
[    1.139502] ima: Allocated hash algorithm: sha1
[    1.140592] evm: HMAC attrs: 0x1
[    1.141797]   Magic number: 11:928:755
[    1.142761] tty ttyS6: hash matches
[    1.143752] rtc_cmos rtc_cmos: setting system clock to 2019-11-25 22:43:02 UTC (1574721782)
[    1.146096] BIOS EDD facility v0.16 2004-Jun-25, 0 devices found
[    1.147522] EDD information not available.
[    1.240727] Freeing unused kernel memory: 1488K
[    1.242927] Write protecting the kernel read-only data: 14336k
[    1.245376] Freeing unused kernel memory: 1604K
[    1.246754] Freeing unused kernel memory: 60K
Loading, please wait...
starting version 229
[    1.259123] random: systemd-udevd: uninitialized urandom read (16 bytes read, 3 bits of entropy available)
[    1.259170] random: udevadm: uninitialized urandom read (16 bytes read, 3 bits of entropy available)
[    1.259186] random: udevadm: uninitialized urandom read (16 bytes read, 3 bits of entropy available)
[    1.266604] random: udevadm: uninitialized urandom read (16 bytes read, 3 bits of entropy available)
[    1.266634] random: udevadm: uninitialized urandom read (16 bytes read, 3 bits of entropy available)
[    1.266792] random: udevadm: uninitialized urandom read (16 bytes read, 3 bits of entropy available)
[    1.266830] random: udevadm: uninitialized urandom read (16 bytes read, 3 bits of entropy available)
[    1.266865] random: udevadm: uninitialized urandom read (16 bytes read, 3 bits of entropy available)
[    1.266898] random: udevadm: uninitialized urandom read (16 bytes read, 3 bits of entropy available)
[    1.266930] random: udevadm: uninitialized urandom read (16 bytes read, 3 bits of entropy available)
[    1.308748] e1000: Intel(R) PRO/1000 Network Driver - version 7.3.21-k8-NAPI
[    1.310829] e1000: Copyright (c) 1999-2006 Intel Corporation.
[    1.312466] Fusion MPT base driver 3.04.20
[    1.313524] Copyright (c) 1999-2008 LSI Corporation
[    1.318062] Fusion MPT SPI Host driver 3.04.20
[    1.333951] AVX2 version of gcm_enc/dec engaged.
[    1.335668] AES CTR mode by8 optimization enabled
[    1.526424] input: ImExPS/2 Generic Explorer Mouse as /devices/platform/i8042/serio1/input/input4
[    1.722396] e1000 0000:00:03.0 eth0: (PCI:33MHz:32-bit) 02:1a:6e:a3:7e:96
[    1.724669] e1000 0000:00:03.0 eth0: Intel(R) PRO/1000 Network Connection
[    1.726959] mptbase: ioc0: Initiating bringup
[    1.729304] e1000 0000:00:03.0 enp0s3: renamed from eth0
[    1.985590] ioc0: LSI53C1030 A0: Capabilities={Initiator}
[    3.008831] scsi host2: ioc0: LSI53C1030 A0, FwRev=00000000h, Ports=1, MaxQ=256, IRQ=20
[    3.251298] scsi 2:0:0:0: Direct-Access     VBOX     HARDDISK         1.0  PQ: 0 ANSI: 5
[    3.254588] scsi target2:0:0: Beginning Domain Validation
[    3.257040] scsi target2:0:0: Domain Validation skipping write tests
[    3.258747] scsi target2:0:0: Ending Domain Validation
[    3.260413] scsi target2:0:0: asynchronous
[    3.262553] scsi 2:0:1:0: Direct-Access     VBOX     HARDDISK         1.0  PQ: 0 ANSI: 5
[    3.264867] scsi target2:0:1: Beginning Domain Validation
[    3.266943] scsi target2:0:1: Domain Validation skipping write tests
[    3.268393] scsi target2:0:1: Ending Domain Validation
[    3.269622] scsi target2:0:1: asynchronous
[    3.276158] sd 2:0:0:0: Attached scsi generic sg0 type 0
[    3.277489] sd 2:0:0:0: [sda] 20971520 512-byte logical blocks: (10.7 GB/10.0 GiB)
[    3.279628] sd 2:0:1:0: Attached scsi generic sg1 type 0
[    3.281612] sd 2:0:1:0: [sdb] 20480 512-byte logical blocks: (10.5 MB/10.0 MiB)
[    3.283870] sd 2:0:0:0: [sda] Write Protect is off
[    3.285549] sd 2:0:0:0: [sda] Incomplete mode parameter data
[    3.287192] sd 2:0:0:0: [sda] Assuming drive cache: write through
[    3.287210] sd 2:0:1:0: [sdb] Write Protect is off
[    3.287340] sd 2:0:1:0: [sdb] Incomplete mode parameter data
[    3.287342] sd 2:0:1:0: [sdb] Assuming drive cache: write through
[    3.289291] sd 2:0:1:0: [sdb] Attached SCSI disk
[    3.297942]  sda: sda1
[    3.299488] sd 2:0:0:0: [sda] Attached SCSI disk
Begin: Loading essential drivers ... [    4.568426] md: linear personality registered for level -1
[    4.572019] md: multipath personality registered for level -4
[    4.575486] md: raid0 personality registered for level 0
[    4.580694] md: raid1 personality registered for level 1
[    4.650811] raid6: sse2x1   gen() 13124 MB/s
[    4.722856] raid6: sse2x1   xor()  9408 MB/s
[    4.792202] raid6: sse2x2   gen() 16666 MB/s
[    4.858812] raid6: sse2x2   xor() 11049 MB/s
[    4.927249] raid6: sse2x4   gen() 18348 MB/s
[    4.994894] raid6: sse2x4   xor() 12585 MB/s
[    5.062995] raid6: avx2x1   gen() 26181 MB/s
[    5.130797] raid6: avx2x2   gen() 29612 MB/s
[    5.198825] raid6: avx2x4   gen() 33230 MB/s
[    5.200182] raid6: using algorithm avx2x4 gen() 33230 MB/s
[    5.201875] raid6: using avx2x2 recovery algorithm
[    5.204563] xor: automatically using best checksumming function:
[    5.242781]    avx       : 30702.000 MB/sec
[    5.247632] async_tx: api initialized (async)
[    5.275060] md: raid6 personality registered for level 6
[    5.277463] md: raid5 personality registered for level 5
[    5.280429] md: raid4 personality registered for level 4
[    5.287627] md: raid10 personality registered for level 10
done.
Begin: Running /scripts/init-premount ... done.
Begin: Mounting root file system ... Begin: Running /scripts/local-top ... done.
Begin: Running /scripts/local-premount ... [    5.319564] Btrfs loaded
Scanning for Btrfs filesystems
done.
Warning: fsck not present, so skipping root file system
[    5.343519] EXT4-fs (sda1): mounted filesystem with ordered data mode. Opts: (null)
done.
Begin: Running /scripts/local-bottom ... done.
Begin: Running /scripts/init-bottom ... done.
[    5.451964] systemd[1]: systemd 229 running in system mode. (+PAM +AUDIT +SELINUX +IMA +APPARMOR +SMACK +SYSVINIT +UTMP +LIBCRYPTSETUP +GCRYPT +GNUTLS +ACL +XZ -LZ4 +SECCOMP +BLKID +ELFUTILS +KMOD -IDN)
[    5.457750] systemd[1]: Detected virtualization oracle.
[    5.459089] systemd[1]: Detected architecture x86-64.

Welcome to [1mUbuntu 16.04.6 LTS[0m!

[    5.465451] systemd[1]: Set hostname to <ubuntu-xenial>.
[    5.613483] systemd[1]: Listening on Syslog Socket.
[[0;32m  OK  [0m] Listening on Syslog Socket.
[    5.615861] systemd[1]: Reached target User and Group Name Lookups.
[[0;32m  OK  [0m] Reached target User and Group Name Lookups.
[    5.618862] systemd[1]: Reached target Encrypted Volumes.
[[0;32m  OK  [0m] Reached target Encrypted Volumes.
[    5.621613] systemd[1]: Created slice User and Session Slice.
[[0;32m  OK  [0m] Created slice User and Session Slice.
[    5.624243] systemd[1]: Reached target Swap.
[[0;32m  OK  [0m] Reached target Swap.
[    5.626288] systemd[1]: Listening on LVM2 poll daemon socket.
[[0;32m  OK  [0m] Listening on LVM2 poll daemon socket.
[    5.629439] systemd[1]: Started Trigger resolvconf update for networkd DNS.
[[0;32m  OK  [0m] Started Trigger resolvconf update for networkd DNS.
[    5.633203] systemd[1]: Listening on udev Control Socket.
[[0;32m  OK  [0m] Listening on udev Control Socket.
[    5.636287] systemd[1]: Set up automount Arbitrary Executable File Formats File System Automount Point.
[[0;32m  OK  [0m] Set up automount Arbitrary Executab...ats File System Automount Point.
[    5.640438] systemd[1]: Listening on Journal Audit Socket.
[[0;32m  OK  [0m] Listening on Journal Audit Socket.
[    5.642483] systemd[1]: Listening on /dev/initctl Compatibility Named Pipe.
[[0;32m  OK  [0m] Listening on /dev/initctl Compatibility Named Pipe.
[    5.645481] systemd[1]: Listening on udev Kernel Socket.
[[0;32m  OK  [0m] Listening on udev Kernel Socket.
[    5.648087] systemd[1]: Reached target System Time Synchronized.
[[0;32m  OK  [0m] Reached target System Time Synchronized.
[    5.651023] systemd[1]: Started Forward Password Requests to Wall Directory Watch.
[[0;32m  OK  [0m] Started Forward Password Requests to Wall Directory Watch.
[    5.654489] systemd[1]: Listening on Device-mapper event daemon FIFOs.
[[0;32m  OK  [0m] Listening on Device-mapper event daemon FIFOs.
[    5.657699] systemd[1]: Listening on Journal Socket (/dev/log).
[[0;32m  OK  [0m] Listening on Journal Socket (/dev/log).
[    5.660618] systemd[1]: Listening on Journal Socket.
[[0;32m  OK  [0m] Listening on Journal Socket.
[    5.664021] systemd[1]: Created slice System Slice.
[[0;32m  OK  [0m] Created slice System Slice.
[    5.675593] systemd[1]: Mounting Debug File System...
         Mounting Debug File System...
[    5.682404] systemd[1]: Mounting POSIX Message Queue File System...
         Mounting POSIX Message Queue File System...
[    5.692138] systemd[1]: Reached target Slices.
[[0;32m  OK  [0m] Reached target Slices.
[    5.695402] systemd[1]: Starting Set console keymap...
         Starting Set console keymap...
[    5.698401] systemd[1]: Starting Uncomplicated firewall...
         Starting Uncomplicated firewall...
[    5.702006] systemd[1]: Mounting Huge Pages File System...
         Mounting Huge Pages File System...
[    5.707373] systemd[1]: Starting Load Kernel Modules...
         Starting Load Kernel Modules...
[    5.710537] systemd[1]: Starting Journal Service...
         Starting Journal Service...
[    5.713961] systemd[1]: Starting Create list of required static device nodes for the current kernel...
[    5.719084] Loading iSCSI transport class v2.0-870.
         Starting Create list of required st... nodes for the current kernel...
[    5.723029] systemd[1]: Created slice system-serial\x2dgetty.slice.
[[0;32m  OK  [0m] Created slice system-serial\x2dgetty.slice.
[    5.727260] systemd[1]: Starting Nameserver information manager...
         Starting Nameserver information manager...
[    5.732790] systemd[1]: Listening on LVM2 metadata daemon socket.
[[0;32m  OK  [0m] Listening on LVM2 metadata daemon socket.
[    5.736435] systemd[1]: Starting Monitoring of LVM2 mirrors, snapshots etc. using dmeventd or progress polling...
         Starting Monitoring of LVM2 mirrors... dmeventd or progress polling...
[    5.741609] systemd[1]: Starting Remount Root and Kernel File Systems...
         Starting Remount Root and Kernel File Systems...
[    5.746197] EXT4-fs (sda1): re-mounted. Opts: (null)
[    5.746675] systemd[1]: Mounted POSIX Message Queue File System.
[[0;32m  OK  [0m] Mounted POSIX Message Queue File System.
[    5.752942] systemd[1]: Mounted Debug File System.
[[0;32m  OK  [0m] Mounted Debug File System.
[    5.759961] systemd[1]: Mounted Huge Pages File System.
[[0;32m  OK  [0m] Mounted Huge Pages File System.
[    5.763672] iscsi: registered transport (tcp)
[    5.763947] systemd[1]: Started Uncomplicated firewall.
[[0;32m  OK  [0m] Started Uncomplicated firewall.
[    5.768195] systemd[1]: Started Create list of required static device nodes for the current kernel.
[[0;32m  OK  [0m] Started Create list of required sta...ce nodes for the current kernel.
[    5.779764] systemd[1]: Started Remount Root and Kernel File Systems.
[[0;32m  OK  [0m] Started Remount Root and Kernel File Systems.
[    5.784635] systemd[1]: Started Journal Service.
[[0;32m  OK  [0m] Started Journal Service.
[[0;32m  OK  [0m] Started Nameserver information manager.
[[0;32m  OK  [0m] Started Set console keymap.
[    5.813934] iscsi: registered transport (iser)
[[0;32m  OK  [0m] Started Load Kernel Modules.
         Mounting FUSE Control File System...
         Starting Apply Kernel Variables...
[[0;32m  OK  [0m] Started LVM2 metadata daemon.
         Starting Flush Journal to Persistent Storage...
         Starting udev Coldplug all Devices...
         Starting Load/Save Random Seed...
         Starting Create Static Device Nodes in /dev...
[[0;32m  OK  [0m] Mounted FUSE Control File System.
[[0;32m  OK  [0m] Started Apply Kernel Variables.
[[0;32m  OK  [0m] Started Load/Save Random Seed.
[[0;32m  OK  [0m] Started Create Static Device Nodes in /dev.
[[0;32m  OK  [0m] Started Flush Journal to Persistent Storage.
         Starting udev Kernel Device Manager...
[[0;32m  OK  [0m] Started udev Coldplug all Devices.
[[0;32m  OK  [0m] Started udev Kernel Device Manager.
[[0;32m  OK  [0m] Started Dispatch Password Requests to Console Directory Watch.
[[0;32m  OK  [0m] Found device /dev/ttyS0.
[[0;32m  OK  [0m] Listening on Load/Save RF Kill Switch Status /dev/rfkill Watch.
[[0;32m  OK  [0m] Found device 82540EM Gigabit Ethern...r (PRO/1000 MT Desktop Adapter).
[[0;32m  OK  [0m] Started Monitoring of LVM2 mirrors,...ng dmeventd or progress polling.
[[0;32m  OK  [0m] Reached target Local File Systems (Pre).
[[0;32m  OK  [0m] Reached target Local File Systems.
         Starting Set console font and keymap...
         Starting Initial cloud-init job (pre-networking)...
         Starting LSB: AppArmor initialization...
         Starting Create Volatile Files and Directories...
         Starting Tell Plymouth To Write Out Runtime Data...
[[0;32m  OK  [0m] Started Create Volatile Files and Directories.
[[0;32m  OK  [0m] Started Tell Plymouth To Write Out Runtime Data.
         Starting Update UTMP about System Boot/Shutdown...
[[0;32m  OK  [0m] Started Update UTMP about System Boot/Shutdown.
[[0;32m  OK  [0m] Started LSB: AppArmor initialization.
[[0;32m  OK  [0m] Started Set console font and keymap.
[[0;32m  OK  [0m] Created slice system-getty.slice.
[    7.054140] cloud-init[652]: Cloud-init v. 19.2-36-g059d049c-0ubuntu2~16.04.1 running 'init-local' at Mon, 25 Nov 2019 22:43:08 +0000. Up 6.82 seconds.
[[0;32m  OK  [0m] Started Initial cloud-init job (pre-networking).
[[0;32m  OK  [0m] Reached target Network (Pre).
         Starting Raise network interfaces...
[[0;32m  OK  [0m] Started ifup for enp0s3.
[[0;32m  OK  [0m] Started Raise network interfaces.
         Starting Initial cloud-init job (metadata service crawler)...
[[0;32m  OK  [0m] Reached target Network.
[    7.722188] cloud-init[1104]: Cloud-init v. 19.2-36-g059d049c-0ubuntu2~16.04.1 running 'init' at Mon, 25 Nov 2019 22:43:09 +0000. Up 7.50 seconds.
[    7.725802] cloud-init[1104]: ci-info: ++++++++++++++++++++++++++++++++++++++Net device info++++++++++++++++++++++++++++++++++++++
[    7.728447] cloud-init[1104]: ci-info: +--------+------+----------------------------+---------------+--------+-------------------+
[    7.731081] cloud-init[1104]: ci-info: | Device |  Up  |          Address           |      Mask     | Scope  |     Hw-Address    |
[    7.733673] cloud-init[1104]: ci-info: +--------+------+----------------------------+---------------+--------+-------------------+
[    7.736307] cloud-init[1104]: ci-info: | enp0s3 | True |         10.0.2.15          | 255.255.255.0 | global | 02:1a:6e:a3:7e:96 |
[    7.739051] cloud-init[1104]: ci-info: | enp0s3 | True | fe80::1a:6eff:fea3:7e96/64 |       .       |  link  | 02:1a:6e:a3:7e:96 |
[    7.741781] cloud-init[1104]: ci-info: |   lo   | True |         127.0.0.1          |   255.0.0.0   |  host  |         .         |
[    7.744400] cloud-init[1104]: ci-info: |   lo   | True |          ::1/128           |       .       |  host  |         .         |
[    7.747681] cloud-init[1104]: ci-info: +--------+------+----------------------------+---------------+--------+-------------------+
[    7.752189] cloud-init[1104]: ci-info: +++++++++++++++++++++++++++Route IPv4 info++++++++++++++++++++++++++++
[    7.755136] cloud-init[1104]: ci-info: +-------+-------------+----------+---------------+-----------+-------+
[    7.758273] cloud-init[1104]: ci-info: | Route | Destination | Gateway  |    Genmask    | Interface | Flags |
[    7.761124] cloud-init[1104]: ci-info: +-------+-------------+----------+---------------+-----------+-------+
[    7.763957] cloud-init[1104]: ci-info: |   0   |   0.0.0.0   | 10.0.2.2 |    0.0.0.0    |   enp0s3  |   UG  |
[    7.766927] cloud-init[1104]: ci-info: |   1   |   10.0.2.0  | 0.0.0.0  | 255.255.255.0 |   enp0s3  |   U   |
[    7.769789] cloud-init[1104]: ci-info: +-------+-------------+----------+---------------+-----------+-------+
[    7.772821] cloud-init[1104]: ci-info: +++++++++++++++++++Route IPv6 info+++++++++++++++++++
[    7.775332] cloud-init[1104]: ci-info: +-------+-------------+---------+-----------+-------+
[    7.778190] cloud-init[1104]: ci-info: | Route | Destination | Gateway | Interface | Flags |
[    7.780763] cloud-init[1104]: ci-info: +-------+-------------+---------+-----------+-------+
[    7.783595] cloud-init[1104]: ci-info: |   0   |  fe80::/64  |    ::   |   enp0s3  |   U   |
[    7.788405] cloud-init[1104]: ci-info: |   3   |   ff00::/8  |    ::   |   enp0s3  |   U   |
[    7.790204] cloud-init[1104]: ci-info: +-------+-------------+---------+-----------+-------+
[[0;32m  OK  [0m] Started Initial cloud-init job (metadata service crawler).
[[0;32m  OK  [0m] Reached target System Initialization.
[[0;32m  OK  [0m] Started Daily apt download activities.
[[0;32m  OK  [0m] Started ACPI Events Check.
[[0;32m  OK  [0m] Reached target Paths.
[[0;32m  OK  [0m] Started Message of the Day.
[[0;32m  OK  [0m] Listening on D-Bus System Message Bus Socket.
[[0;32m  OK  [0m] Started Daily apt upgrade and clean activities.
         Starting Docker Socket for the API.
[[0;32m  OK  [0m] Listening on UUID daemon activation socket.
[[0;32m  OK  [0m] Started Daily Cleanup of Temporary Directories.
[[0;32m  OK  [0m] Reached target Timers.
         Starting Socket activation for snappy daemon.
[[0;32m  OK  [0m] Listening on ACPID Listen Socket.
         Starting LXD - unix socket.
[[0;32m  OK  [0m] Reached target Network is Online.
         Starting iSCSI initiator daemon (iscsid)...
[[0;32m  OK  [0m] Reached target Cloud-config availability.
[[0;32m  OK  [0m] Listening on Docker Socket for the API.
[[0;32m  OK  [0m] Listening on Socket activation for snappy daemon.
[[0;32m  OK  [0m] Listening on LXD - unix socket.
[[0;32m  OK  [0m] Reached target Sockets.
[[0;32m  OK  [0m] Reached target Basic System.
         Starting /etc/rc.local Compatibility...
         Starting System Logging Service...
[[0;32m  OK  [0m] Started D-Bus System Message Bus.
[[0;32m  OK  [0m] Started FUSE filesystem for LXC.
         Starting Accounts Service...
         Starting Login Service...
         Starting Ubuntu FAN network setup...
         Starting containerd container runtime...
         Starting LSB: MD monitoring daemon...
[[0;32m  OK  [0m] Started Deferred execution scheduler.
[[0;32m  OK  [0m] Started Regular background program processing daemon.
         Starting Virtualbox guest utils...
[[0;32m  OK  [0m] Started ACPI event daemon.
         Starting LXD - container startup/shutdown...
         Starting LSB: Record successful boot for GRUB...
         Starting OpenBSD Secure Shell server...
         Starting Snappy daemon...
[[0;32m  OK  [0m] Started System Logging Service.
[[0;32m  OK  [0m] Started /etc/rc.local Compatibility.
[[0;32m  OK  [0m] Started Ubuntu FAN network setup.
[[0;32m  OK  [0m] Started containerd container runtime.
[[0;32m  OK  [0m] Started iSCSI initiator daemon (iscsid).
[[0;32m  OK  [0m] Started OpenBSD Secure Shell server.
[[0;32m  OK  [0m] Started LSB: MD monitoring daemon.
[[0;32m  OK  [0m] Started LXD - container startup/shutdown.
[[0;32m  OK  [0m] Started Login Service.
[[0;32m  OK  [0m] Started Unattended Upgrades Shutdown.
         Starting Authenticate and Authorize Users to Run Privileged Tasks...
         Starting Login to default iSCSI targets...
         Starting Docker Application Container Engine...
[[0;32m  OK  [0m] Started LSB: Record successful boot for GRUB.
[[0;32m  OK  [0m] Started Authenticate and Authorize Users to Run Privileged Tasks.
[[0;32m  OK  [0m] Started Accounts Service.
[[0;32m  OK  [0m] Started Virtualbox guest utils.
[[0;32m  OK  [0m] Started Login to default iSCSI targets.
[[0;32m  OK  [0m] Reached target Remote File Systems (Pre).
[[0;32m  OK  [0m] Reached target Remote File Systems.
         Starting LSB: Set up cgroupfs mounts....
         Starting LSB: daemon to balance interrupts for SMP systems...
         Starting LSB: automatic crash report generation...
         Starting Permit User Sessions...
         Starting LSB: Set the CPU Frequency Scaling governor to "ondemand"...
[[0;32m  OK  [0m] Started LSB: Set up cgroupfs mounts..
[[0;32m  OK  [0m] Started Permit User Sessions.
         Starting Terminate Plymouth Boot Screen...
         Starting Hold until boot process finishes up...
[[0;32m  OK  [0m] Started Hold until boot process finishes up.
[[0;32m  OK  [0m] Started Terminate Plymouth Boot Screen.
[[0;32m  OK  [0m] Started LSB: Set the CPU Frequency Scaling governor to "ondemand".
[[0;32m  OK  [0m] Started Serial Getty on ttyS0.
[[0;32m  OK  [0m] Started Getty on tty1.
[[0;32m  OK  [0m] Reached target Login Prompts.
         Starting Set console scheme...
[[0;32m  OK  [0m] Started LSB: automatic crash report generation.
[[0;32m  OK  [0m] Started Set console scheme.
[[0;32m  OK  [0m] Started Snappy daemon.
[[0;32m  OK  [0m] Started LSB: daemon to balance interrupts for SMP systems.
         Starting Wait until snapd is fully seeded...
[[0;32m  OK  [0m] Started Wait until snapd is fully seeded.
         Starting Apply the settings specified in cloud-config...
[    8.994307] cloud-init[1406]: Cloud-init v. 19.2-36-g059d049c-0ubuntu2~16.04.1 running 'modules:config' at Mon, 25 Nov 2019 22:43:10 +0000. Up 8.90 seconds.
[[0;32m  OK  [0m] Started Apply the settings specified in cloud-config.
[[0;32m  OK  [0m] Started Docker Application Container Engine.
[[0;32m  OK  [0m] Reached target Multi-User System.
[[0;32m  OK  [0m] Reached target Graphical Interface.
         Starting Update UTMP about System Runlevel Changes...
         Starting Execute cloud user/final scripts...
[[0;32m  OK  [0m] Started Update UTMP about System Runlevel Changes.
[    9.380265] cloud-init[1598]: Cloud-init v. 19.2-36-g059d049c-0ubuntu2~16.04.1 running 'modules:final' at Mon, 25 Nov 2019 22:43:10 +0000. Up 9.30 seconds.
[    9.383857] cloud-init[1598]: Cloud-init v. 19.2-36-g059d049c-0ubuntu2~16.04.1 finished at Mon, 25 Nov 2019 22:43:11 +0000. Datasource DataSourceNoCloud [seed=/dev/sdb][dsmode=net].  Up 9.37 seconds
[[0;32m  OK  [0m] Started Execute cloud user/final scripts.
[[0;32m  OK  [0m] Reached target Cloud-init target.

Ubuntu 16.04.6 LTS ubuntu-xenial ttyS0

ubuntu-xenial login: 